                                      1 ;--------------------------------------------------------
                                      2 ; File Created by SDCC : free open source ANSI-C Compiler
                                      3 ; Version 3.8.0 #10562 (Linux)
                                      4 ;--------------------------------------------------------
                                      5 	.module interrupt
                                      6 	.optsdcc -mmcs51 --model-small
                                      7 	
                                      8 ;--------------------------------------------------------
                                      9 ; Public variables in this module
                                     10 ;--------------------------------------------------------
                                     11 	.globl _CY
                                     12 	.globl _AC
                                     13 	.globl _F0
                                     14 	.globl _RS1
                                     15 	.globl _RS0
                                     16 	.globl _OV
                                     17 	.globl _FL
                                     18 	.globl _P
                                     19 	.globl _TF2
                                     20 	.globl _EXF2
                                     21 	.globl _RCLK
                                     22 	.globl _TCLK
                                     23 	.globl _EXEN2
                                     24 	.globl _TR2
                                     25 	.globl _C_T2
                                     26 	.globl _CP_RL2
                                     27 	.globl _T2CON_7
                                     28 	.globl _T2CON_6
                                     29 	.globl _T2CON_5
                                     30 	.globl _T2CON_4
                                     31 	.globl _T2CON_3
                                     32 	.globl _T2CON_2
                                     33 	.globl _T2CON_1
                                     34 	.globl _T2CON_0
                                     35 	.globl _PT2
                                     36 	.globl _PS
                                     37 	.globl _PT1
                                     38 	.globl _PX1
                                     39 	.globl _PT0
                                     40 	.globl _PX0
                                     41 	.globl _RD
                                     42 	.globl _WR
                                     43 	.globl _T1
                                     44 	.globl _T0
                                     45 	.globl _INT1
                                     46 	.globl _INT0
                                     47 	.globl _TXD
                                     48 	.globl _RXD
                                     49 	.globl _P3_7
                                     50 	.globl _P3_6
                                     51 	.globl _P3_5
                                     52 	.globl _P3_4
                                     53 	.globl _P3_3
                                     54 	.globl _P3_2
                                     55 	.globl _P3_1
                                     56 	.globl _P3_0
                                     57 	.globl _EA
                                     58 	.globl _ET2
                                     59 	.globl _ES
                                     60 	.globl _ET1
                                     61 	.globl _EX1
                                     62 	.globl _ET0
                                     63 	.globl _EX0
                                     64 	.globl _P2_7
                                     65 	.globl _P2_6
                                     66 	.globl _P2_5
                                     67 	.globl _P2_4
                                     68 	.globl _P2_3
                                     69 	.globl _P2_2
                                     70 	.globl _P2_1
                                     71 	.globl _P2_0
                                     72 	.globl _SM0
                                     73 	.globl _SM1
                                     74 	.globl _SM2
                                     75 	.globl _REN
                                     76 	.globl _TB8
                                     77 	.globl _RB8
                                     78 	.globl _TI
                                     79 	.globl _RI
                                     80 	.globl _T2EX
                                     81 	.globl _T2
                                     82 	.globl _P1_7
                                     83 	.globl _P1_6
                                     84 	.globl _P1_5
                                     85 	.globl _P1_4
                                     86 	.globl _P1_3
                                     87 	.globl _P1_2
                                     88 	.globl _P1_1
                                     89 	.globl _P1_0
                                     90 	.globl _TF1
                                     91 	.globl _TR1
                                     92 	.globl _TF0
                                     93 	.globl _TR0
                                     94 	.globl _IE1
                                     95 	.globl _IT1
                                     96 	.globl _IE0
                                     97 	.globl _IT0
                                     98 	.globl _P0_7
                                     99 	.globl _P0_6
                                    100 	.globl _P0_5
                                    101 	.globl _P0_4
                                    102 	.globl _P0_3
                                    103 	.globl _P0_2
                                    104 	.globl _P0_1
                                    105 	.globl _P0_0
                                    106 	.globl _B
                                    107 	.globl _A
                                    108 	.globl _ACC
                                    109 	.globl _PSW
                                    110 	.globl _TH2
                                    111 	.globl _TL2
                                    112 	.globl _RCAP2H
                                    113 	.globl _RCAP2L
                                    114 	.globl _T2MOD
                                    115 	.globl _T2CON
                                    116 	.globl _IP
                                    117 	.globl _P3
                                    118 	.globl _IE
                                    119 	.globl _P2
                                    120 	.globl _SBUF
                                    121 	.globl _SCON
                                    122 	.globl _P1
                                    123 	.globl _TH1
                                    124 	.globl _TH0
                                    125 	.globl _TL1
                                    126 	.globl _TL0
                                    127 	.globl _TMOD
                                    128 	.globl _TCON
                                    129 	.globl _PCON
                                    130 	.globl _DPH
                                    131 	.globl _DPL
                                    132 	.globl _SP
                                    133 	.globl _P0
                                    134 	.globl _EXT0Init
                                    135 	.globl _EXT0Func
                                    136 ;--------------------------------------------------------
                                    137 ; special function registers
                                    138 ;--------------------------------------------------------
                                    139 	.area RSEG    (ABS,DATA)
      000000                        140 	.org 0x0000
                           000080   141 _P0	=	0x0080
                           000081   142 _SP	=	0x0081
                           000082   143 _DPL	=	0x0082
                           000083   144 _DPH	=	0x0083
                           000087   145 _PCON	=	0x0087
                           000088   146 _TCON	=	0x0088
                           000089   147 _TMOD	=	0x0089
                           00008A   148 _TL0	=	0x008a
                           00008B   149 _TL1	=	0x008b
                           00008C   150 _TH0	=	0x008c
                           00008D   151 _TH1	=	0x008d
                           000090   152 _P1	=	0x0090
                           000098   153 _SCON	=	0x0098
                           000099   154 _SBUF	=	0x0099
                           0000A0   155 _P2	=	0x00a0
                           0000A8   156 _IE	=	0x00a8
                           0000B0   157 _P3	=	0x00b0
                           0000B8   158 _IP	=	0x00b8
                           0000C8   159 _T2CON	=	0x00c8
                           0000C9   160 _T2MOD	=	0x00c9
                           0000CA   161 _RCAP2L	=	0x00ca
                           0000CB   162 _RCAP2H	=	0x00cb
                           0000CC   163 _TL2	=	0x00cc
                           0000CD   164 _TH2	=	0x00cd
                           0000D0   165 _PSW	=	0x00d0
                           0000E0   166 _ACC	=	0x00e0
                           0000E0   167 _A	=	0x00e0
                           0000F0   168 _B	=	0x00f0
                                    169 ;--------------------------------------------------------
                                    170 ; special function bits
                                    171 ;--------------------------------------------------------
                                    172 	.area RSEG    (ABS,DATA)
      000000                        173 	.org 0x0000
                           000080   174 _P0_0	=	0x0080
                           000081   175 _P0_1	=	0x0081
                           000082   176 _P0_2	=	0x0082
                           000083   177 _P0_3	=	0x0083
                           000084   178 _P0_4	=	0x0084
                           000085   179 _P0_5	=	0x0085
                           000086   180 _P0_6	=	0x0086
                           000087   181 _P0_7	=	0x0087
                           000088   182 _IT0	=	0x0088
                           000089   183 _IE0	=	0x0089
                           00008A   184 _IT1	=	0x008a
                           00008B   185 _IE1	=	0x008b
                           00008C   186 _TR0	=	0x008c
                           00008D   187 _TF0	=	0x008d
                           00008E   188 _TR1	=	0x008e
                           00008F   189 _TF1	=	0x008f
                           000090   190 _P1_0	=	0x0090
                           000091   191 _P1_1	=	0x0091
                           000092   192 _P1_2	=	0x0092
                           000093   193 _P1_3	=	0x0093
                           000094   194 _P1_4	=	0x0094
                           000095   195 _P1_5	=	0x0095
                           000096   196 _P1_6	=	0x0096
                           000097   197 _P1_7	=	0x0097
                           000090   198 _T2	=	0x0090
                           000091   199 _T2EX	=	0x0091
                           000098   200 _RI	=	0x0098
                           000099   201 _TI	=	0x0099
                           00009A   202 _RB8	=	0x009a
                           00009B   203 _TB8	=	0x009b
                           00009C   204 _REN	=	0x009c
                           00009D   205 _SM2	=	0x009d
                           00009E   206 _SM1	=	0x009e
                           00009F   207 _SM0	=	0x009f
                           0000A0   208 _P2_0	=	0x00a0
                           0000A1   209 _P2_1	=	0x00a1
                           0000A2   210 _P2_2	=	0x00a2
                           0000A3   211 _P2_3	=	0x00a3
                           0000A4   212 _P2_4	=	0x00a4
                           0000A5   213 _P2_5	=	0x00a5
                           0000A6   214 _P2_6	=	0x00a6
                           0000A7   215 _P2_7	=	0x00a7
                           0000A8   216 _EX0	=	0x00a8
                           0000A9   217 _ET0	=	0x00a9
                           0000AA   218 _EX1	=	0x00aa
                           0000AB   219 _ET1	=	0x00ab
                           0000AC   220 _ES	=	0x00ac
                           0000AD   221 _ET2	=	0x00ad
                           0000AF   222 _EA	=	0x00af
                           0000B0   223 _P3_0	=	0x00b0
                           0000B1   224 _P3_1	=	0x00b1
                           0000B2   225 _P3_2	=	0x00b2
                           0000B3   226 _P3_3	=	0x00b3
                           0000B4   227 _P3_4	=	0x00b4
                           0000B5   228 _P3_5	=	0x00b5
                           0000B6   229 _P3_6	=	0x00b6
                           0000B7   230 _P3_7	=	0x00b7
                           0000B0   231 _RXD	=	0x00b0
                           0000B1   232 _TXD	=	0x00b1
                           0000B2   233 _INT0	=	0x00b2
                           0000B3   234 _INT1	=	0x00b3
                           0000B4   235 _T0	=	0x00b4
                           0000B5   236 _T1	=	0x00b5
                           0000B6   237 _WR	=	0x00b6
                           0000B7   238 _RD	=	0x00b7
                           0000B8   239 _PX0	=	0x00b8
                           0000B9   240 _PT0	=	0x00b9
                           0000BA   241 _PX1	=	0x00ba
                           0000BB   242 _PT1	=	0x00bb
                           0000BC   243 _PS	=	0x00bc
                           0000BD   244 _PT2	=	0x00bd
                           0000C8   245 _T2CON_0	=	0x00c8
                           0000C9   246 _T2CON_1	=	0x00c9
                           0000CA   247 _T2CON_2	=	0x00ca
                           0000CB   248 _T2CON_3	=	0x00cb
                           0000CC   249 _T2CON_4	=	0x00cc
                           0000CD   250 _T2CON_5	=	0x00cd
                           0000CE   251 _T2CON_6	=	0x00ce
                           0000CF   252 _T2CON_7	=	0x00cf
                           0000C8   253 _CP_RL2	=	0x00c8
                           0000C9   254 _C_T2	=	0x00c9
                           0000CA   255 _TR2	=	0x00ca
                           0000CB   256 _EXEN2	=	0x00cb
                           0000CC   257 _TCLK	=	0x00cc
                           0000CD   258 _RCLK	=	0x00cd
                           0000CE   259 _EXF2	=	0x00ce
                           0000CF   260 _TF2	=	0x00cf
                           0000D0   261 _P	=	0x00d0
                           0000D1   262 _FL	=	0x00d1
                           0000D2   263 _OV	=	0x00d2
                           0000D3   264 _RS0	=	0x00d3
                           0000D4   265 _RS1	=	0x00d4
                           0000D5   266 _F0	=	0x00d5
                           0000D6   267 _AC	=	0x00d6
                           0000D7   268 _CY	=	0x00d7
                                    269 ;--------------------------------------------------------
                                    270 ; overlayable register banks
                                    271 ;--------------------------------------------------------
                                    272 	.area REG_BANK_0	(REL,OVR,DATA)
      000000                        273 	.ds 8
                                    274 ;--------------------------------------------------------
                                    275 ; internal ram data
                                    276 ;--------------------------------------------------------
                                    277 	.area DSEG    (DATA)
                                    278 ;--------------------------------------------------------
                                    279 ; overlayable items in internal ram 
                                    280 ;--------------------------------------------------------
                                    281 ;--------------------------------------------------------
                                    282 ; indirectly addressable internal ram data
                                    283 ;--------------------------------------------------------
                                    284 	.area ISEG    (DATA)
                                    285 ;--------------------------------------------------------
                                    286 ; absolute internal ram data
                                    287 ;--------------------------------------------------------
                                    288 	.area IABS    (ABS,DATA)
                                    289 	.area IABS    (ABS,DATA)
                                    290 ;--------------------------------------------------------
                                    291 ; bit data
                                    292 ;--------------------------------------------------------
                                    293 	.area BSEG    (BIT)
                                    294 ;--------------------------------------------------------
                                    295 ; paged external ram data
                                    296 ;--------------------------------------------------------
                                    297 	.area PSEG    (PAG,XDATA)
                                    298 ;--------------------------------------------------------
                                    299 ; external ram data
                                    300 ;--------------------------------------------------------
                                    301 	.area XSEG    (XDATA)
                                    302 ;--------------------------------------------------------
                                    303 ; absolute external ram data
                                    304 ;--------------------------------------------------------
                                    305 	.area XABS    (ABS,XDATA)
                                    306 ;--------------------------------------------------------
                                    307 ; external initialized ram data
                                    308 ;--------------------------------------------------------
                                    309 	.area XISEG   (XDATA)
                                    310 	.area HOME    (CODE)
                                    311 	.area GSINIT0 (CODE)
                                    312 	.area GSINIT1 (CODE)
                                    313 	.area GSINIT2 (CODE)
                                    314 	.area GSINIT3 (CODE)
                                    315 	.area GSINIT4 (CODE)
                                    316 	.area GSINIT5 (CODE)
                                    317 	.area GSINIT  (CODE)
                                    318 	.area GSFINAL (CODE)
                                    319 	.area CSEG    (CODE)
                                    320 ;--------------------------------------------------------
                                    321 ; global & static initialisations
                                    322 ;--------------------------------------------------------
                                    323 	.area HOME    (CODE)
                                    324 	.area GSINIT  (CODE)
                                    325 	.area GSFINAL (CODE)
                                    326 	.area GSINIT  (CODE)
                                    327 ;--------------------------------------------------------
                                    328 ; Home
                                    329 ;--------------------------------------------------------
                                    330 	.area HOME    (CODE)
                                    331 	.area HOME    (CODE)
                                    332 ;--------------------------------------------------------
                                    333 ; code
                                    334 ;--------------------------------------------------------
                                    335 	.area CSEG    (CODE)
                                    336 ;------------------------------------------------------------
                                    337 ;Allocation info for local variables in function 'EXT0Init'
                                    338 ;------------------------------------------------------------
                                    339 ;	../../interrupt/interrupt.c:3: void EXT0Init(){
                                    340 ;	-----------------------------------------
                                    341 ;	 function EXT0Init
                                    342 ;	-----------------------------------------
      000000                        343 _EXT0Init:
                           000007   344 	ar7 = 0x07
                           000006   345 	ar6 = 0x06
                           000005   346 	ar5 = 0x05
                           000004   347 	ar4 = 0x04
                           000003   348 	ar3 = 0x03
                           000002   349 	ar2 = 0x02
                           000001   350 	ar1 = 0x01
                           000000   351 	ar0 = 0x00
                                    352 ;	../../interrupt/interrupt.c:4: EX0 = 1;
                                    353 ;	assignBit
      000000 D2 A8            [12]  354 	setb	_EX0
                                    355 ;	../../interrupt/interrupt.c:5: IT0 = 1;
                                    356 ;	assignBit
      000002 D2 88            [12]  357 	setb	_IT0
                                    358 ;	../../interrupt/interrupt.c:6: IE0 = 0;
                                    359 ;	assignBit
      000004 C2 89            [12]  360 	clr	_IE0
                                    361 ;	../../interrupt/interrupt.c:7: EA  = 1;
                                    362 ;	assignBit
      000006 D2 AF            [12]  363 	setb	_EA
                                    364 ;	../../interrupt/interrupt.c:8: }
      000008 22               [24]  365 	ret
                                    366 ;------------------------------------------------------------
                                    367 ;Allocation info for local variables in function 'EXT0Func'
                                    368 ;------------------------------------------------------------
                                    369 ;	../../interrupt/interrupt.c:10: void EXT0Func() __interrupt 0
                                    370 ;	-----------------------------------------
                                    371 ;	 function EXT0Func
                                    372 ;	-----------------------------------------
      000009                        373 _EXT0Func:
                                    374 ;	../../interrupt/interrupt.c:13: }
      000009 32               [24]  375 	reti
                                    376 ;	eliminated unneeded mov psw,# (no regs used in bank)
                                    377 ;	eliminated unneeded push/pop psw
                                    378 ;	eliminated unneeded push/pop dpl
                                    379 ;	eliminated unneeded push/pop dph
                                    380 ;	eliminated unneeded push/pop b
                                    381 ;	eliminated unneeded push/pop acc
                                    382 	.area CSEG    (CODE)
                                    383 	.area CONST   (CODE)
                                    384 	.area XINIT   (CODE)
                                    385 	.area CABS    (ABS,CODE)
